[2026-02-02 01:58:37] PID 23424: 🔄 running (initial)
[2026-02-02 01:58:50] PID 23424: ⏳ waiting
[2026-02-02 01:58:50] 1時58分50秒、タスクを終了したのだ。処理時間は、12秒だったのだ。
[2026-02-02 01:58:59] Command output: 使用するスタイル: ずんだもん - ノーマル (ID: 3)
テキストを2文に分割しました
[1/2] 合成中: 1時58分50秒、タスクを終了したのだ。...
[1/2] 合成完了: 0.86秒 → 音声4.42秒
[2/2] 合成中: 処理時間は、12秒だったのだ。...
[2/2] 合成完了: 0.67秒 → 音声2.95秒
[2026-02-02 02:00:18] PID 23424: 🔄 running
[2026-02-02 02:00:18] 2時0分18秒、タスクを開始したのだ
[2026-02-02 02:00:20] PID 23424: ⏳ waiting
[2026-02-02 02:00:20] 2時0分20秒、タスクを終了したのだ。処理時間は、2秒だったのだ。
[2026-02-02 02:00:23] Command output: 使用するスタイル: ずんだもん - ノーマル (ID: 3)
合成中: 2時0分18秒、タスクを開始したのだ
音声を再生中...
[2026-02-02 02:00:29] Command output: 使用するスタイル: ずんだもん - ノーマル (ID: 3)
テキストを2文に分割しました
[1/2] 合成中: 2時0分20秒、タスクを終了したのだ。...
[1/2] 合成完了: 0.69秒 → 音声3.90秒
[2/2] 合成中: 処理時間は、2秒だったのだ。...
[2/2] 合成完了: 0.50秒 → 音声2.63秒
[2026-02-02 02:00:31] PID 23424: 🔄 running
[2026-02-02 02:00:31] 2時0分31秒、タスクを開始したのだ
[2026-02-02 02:00:36] PID 23424: ⏳ waiting
[2026-02-02 02:00:36] 2時0分36秒、タスクを終了したのだ。処理時間は、4秒だったのだ。
[2026-02-02 02:00:37] Command output: 使用するスタイル: ずんだもん - ノーマル (ID: 3)
合成中: 2時0分31秒、タスクを開始したのだ
音声を再生中...
[2026-02-02 02:00:45] Command output: 使用するスタイル: ずんだもん - ノーマル (ID: 3)
テキストを2文に分割しました
[1/2] 合成中: 2時0分36秒、タスクを終了したのだ。...
[1/2] 合成完了: 0.74秒 → 音声4.23秒
[2/2] 合成中: 処理時間は、4秒だったのだ。...
[2/2] 合成完了: 0.38秒 → 音声2.77秒
[2026-02-02 02:00:45] PID 23424: 🔄 running
[2026-02-02 02:00:45] 2時0分45秒、タスクを開始したのだ
[2026-02-02 02:00:50] Command output: 使用するスタイル: ずんだもん - ノーマル (ID: 3)
合成中: 2時0分45秒、タスクを開始したのだ
音声を再生中...
[2026-02-02 02:01:14] PID 23424: ⏳ waiting
[2026-02-02 02:01:14] 2時1分14秒、タスクを終了したのだ。処理時間は、28秒だったのだ。
[2026-02-02 02:01:23] Command output: 使用するスタイル: ずんだもん - ノーマル (ID: 3)
テキストを2文に分割しました
[1/2] 合成中: 2時1分14秒、タスクを終了したのだ。...
[1/2] 合成完了: 0.65秒 → 音声3.88秒
[2/2] 合成中: 処理時間は、28秒だったのだ。...
[2/2] 合成完了: 0.44秒 → 音声3.21秒
[2026-02-02 02:01:39] PID 23424: 🔄 running
[2026-02-02 02:01:39] 2時1分39秒、タスクを開始したのだ
[2026-02-02 02:01:44] Command output: 使用するスタイル: ずんだもん - ノーマル (ID: 3)
合成中: 2時1分39秒、タスクを開始したのだ
音声を再生中...
[2026-02-02 02:02:07] PID 23424: ⏳ waiting
[2026-02-02 02:02:07] 2時2分7秒、タスクを終了したのだ。処理時間は、28秒だったのだ。
[2026-02-02 02:02:16] Command output: 使用するスタイル: ずんだもん - ノーマル (ID: 3)
テキストを2文に分割しました
[1/2] 合成中: 2時2分7秒、タスクを終了したのだ。...
[1/2] 合成完了: 0.71秒 → 音声3.55秒
[2/2] 合成中: 処理時間は、28秒だったのだ。...
[2/2] 合成完了: 0.43秒 → 音声3.21秒
[2026-02-02 02:02:52] PID 23424: 🔄 running
[2026-02-02 02:02:52] 2時2分52秒、タスクを開始したのだ
[2026-02-02 02:02:57] Command output: 使用するスタイル: ずんだもん - ノーマル (ID: 3)
合成中: 2時2分52秒、タスクを開始したのだ
音声を再生中...
